üîç –ê–ù–ê–õ–ò–ó –°–¢–†–£–ö–¢–£–†–´ –§–ê–ô–õ–ê: M:\–§–∏–Ω–∞–Ω—Å–æ–≤—ã–π –¥–µ–ø–∞—Ä—Ç–∞–º–µ–Ω—Ç\Treasury\–ë–∞–∑—ã –¥–∞–Ω–Ω—ã—Ö(–∞–≤—Ç–æ–º–∞—Ç–∏–∑–∞—Ü–∏—è)\DI_DATABASE\–ú–µ—Ä–¥–∂–µ—Ä.xlsx
–ü–µ—Ä–≤—ã–µ 10 —Å—Ç—Ä–æ–∫ —Ñ–∞–π–ª–∞:
–°—Ç—Ä–æ–∫–∞ 0: ['–ü–æ—Ä—Ç—Ñ–µ–ª—å', '–≠–º–∏—Ç–µ–Ω—Ç, –¶–ë, –≤—ã–ø—É—Å–∫, –ë–∞–Ω–∫', '–ò–ù–ù —ç–º–∏—Ç.', '–ì–æ—Å. —Ä–µ–≥. –Ω–æ–º–µ—Ä,\n–∫—Ä. –∫–æ–¥ –∫–æ–Ω—Ç—Ä.', 'ISIN, –ø–æ–ª–Ω. –∫–æ–¥ –∫–æ–Ω—Ç—Ä–∞–∫—Ç–∞', '–í–∏–¥ –¶–ë, –ê–∫—Ç–∏–≤–∞', '–î–∞—Ç–∞ —ç–º–∏—Å—Å–∏–∏,\n—Ä–∞–∑–º–µ—â–µ–Ω–∏—è', '–î–∞—Ç–∞ –ø–æ–≥–∞—à., –∏—Å—Ç–µ—á–µ–Ω–∏—è', '–°—Ç–∞–≤–∫–∞ –∫—É–ø–æ–Ω–∞, –†–µ–ø–æ , \n% –ø–æ –¥–µ–ø–æ–∑–∏—Ç—É', '–°—Ç–æ–∏–º–æ—Å—Ç—å\n–ø—Ä–∏–æ–±—Ä–µ—Ç–µ–Ω–∏—è', '–ö–æ–ª-–≤–æ', '–¶–µ–Ω–∞ –¢–°–°', '–í–∞–ª—é—Ç–∞ –∫–æ—Ç–∏—Ä–æ–≤–∫–∏', '–°—Ç–æ–∏–º–æ—Å—Ç—å', '–ù–ö–î,\n–Ω–∞—á–∏—Å–ª–µ–Ω–Ω—ã–µ %', '–î–µ–±–µ—Ç–æ—Ä—Å–∫–∞—è/ –ö—Ä–µ–¥–∏—Ç–æ—Ä—Å–∫–∞—è –∑–∞–¥–æ–ª–∂–µ–Ω–Ω–æ—Å—Ç–∏', 'Unnamed: 16', 'num_s', 'B_SYS_NAME', 'RUR_PRICE', 'value_id', 'deposit', 'INVESTMENT', 'nkd_rate', 
'nkd_bal_summa', 'nkd_delta', '–ü–ò–§-–ê–ú–û', '–ü–ò–§-–†–°', 'TSS', 'OFIC_VAL', 'GetVal', 'SYSNAME', 'GetShare', 'NUM_REG', 'ISIN', 'class', 'CLASS_ID', ' IsCo', 'IsFM', 'GetFace', 'INN', '–°—Ç—Ä–∞–Ω–∞', '–ú–∏–∫—Ä–æ—Ñ–∏–Ω–∞–Ω—Å–æ–≤–∞—è –æ—Ä–≥–∞–Ω–∏–∑–∞—Ü–∏—è', 'Get_Rating', 'A_NAME', 'A_SELF', 'Share_only', 'GetFaceINN', 'Get_Rating.1', 'A_NAME.1', 'A_SELF.1', 'Share_only.1', 'GetFaceINN.1', 'CONTR1', '–°—É–º–º–∞ –ø–æ—Ä—Ç—Ñ–µ–ª—è, –∫–ª–∞—Å—Å–∞ , –±–µ–∑ –ù–ö–î', '–°—É–º–º–∞ –ø–æ—Ä—Ç—Ñ–µ–ª—è , —ç–º–∏—Ç–µ–Ω—Ç–∞ , –∫–ª–∞—Å—Å–∞ –±–µ–∑ –ù–ö–î', 'Unnamed: 56', 'Unnamed: 57', 'PERCENT', 'Unnamed: 59', '–î–æ–ª—è —ç–º–∏—Ç–µ–Ω—Ç–∞ –≤ –ø–æ—Ä—Ç—Ñ–µ–ª–µ', '–î–∞—Ç–∞ –æ—Ç—á–µ—Ç–∞']
–°—Ç—Ä–æ–∫–∞ 1: ['020611/1 –∞–≥—Ä–µ—Å—Å. –æ—Ç 02.06.2011', '—Ä/—Å 40701810100000001516 (RUB) –≤ –ë–∞–Ω–∫ –ì–ü–ë (–ê–û) ', '643 ', '—Ä/—Å', 0, 326368.23, 326368.23, 1, 'RUB', 326368.23, 0, 0, 51, '–†/–°', 1, 10449953, '—Ä/—Å 40701810100000001516 (RUB) –≤ –ë–∞–Ω–∫ –ì–ü–ë (–ê–û)', 1, 1, 'RUB - –†–æ—Å—Å–∏–π—Å–∫–∏–π —Ä—É–±–ª—å', 'RUB', '–†–æ—Å—Å–∏–π—Å–∫–∏–π —Ä—É–±–ª—å', 643, 0, 0, 0, 179317, '(–î–æ–≥–æ–≤–æ—Ä –Ω–µ –Ω–∞–π–¥–µ–Ω)', 0, datetime.datetime(2025, 10, 1, 0, 0)]
–°—Ç—Ä–æ–∫–∞ 2: ['020611/1 –∞–≥—Ä–µ—Å—Å. –æ—Ç 02.06.2011', '–î–µ–Ω—å–≥–∏ —É –±—Ä–æ–∫–µ—Ä–∞ –∏–ª–∏ –æ–ø–µ—Ä–∞—Ç–æ—Ä–∞ –∏–Ω–≤–µ—Å—Ç–∏—Ü–∏–æ–Ω–Ω–æ–π –ø–ª–∞—Ç—Ñ–æ—Ä–º—ã, —Ä/—Å 30601810100000002319 (RUB)  –ê–û "–†–∞–π—Ñ—Ñ–∞–π–∑–µ–Ω–±–∞–Ω–∫" ', '643 ', '—Ä/—Å', 0, 347518.96, 347518.96, 1, 'RUB', 347518.96, 0, 0, 55.01, '–†/–°-–°', 1, 39592775, '–î–µ–Ω—å–≥–∏ —É –±—Ä–æ–∫–µ—Ä–∞ –∏–ª–∏ –æ–ø–µ—Ä–∞—Ç–æ—Ä–∞ –∏–Ω–≤–µ—Å—Ç–∏—Ü–∏–æ–Ω–Ω–æ–π –ø–ª–∞—Ç—Ñ–æ—Ä–º—ã, —Ä/—Å 30601810100000002319 (RUB)  –ê–û "–†–∞–π—Ñ—Ñ–∞–π–∑–µ–Ω–±–∞–Ω–∫"', 1, 
1, 'RUB - –†–æ—Å—Å–∏–π—Å–∫–∏–π —Ä—É–±–ª—å', 'RUB', '–†–æ—Å—Å–∏–π—Å–∫–∏–π —Ä—É–±–ª—å', 643, 0, 0, 0, 179317, '(–î–æ–≥–æ–≤–æ—Ä –Ω–µ –Ω–∞–π–¥–µ–Ω)', 0, datetime.datetime(2025, 10, 1, 0, 0)]
–°—Ç—Ä–æ–∫–∞ 3: ['020611/1 –∞–≥—Ä–µ—Å—Å. –æ—Ç 02.06.2011', '–î–µ–Ω—å–≥–∏ —É –±—Ä–æ–∫–µ—Ä–∞ –∏–ª–∏ –æ–ø–µ—Ä–∞—Ç–æ—Ä–∞ –∏–Ω–≤–µ—Å—Ç–∏—Ü–∏–æ–Ω–Ω–æ–π –ø–ª–∞—Ç—Ñ–æ—Ä–º—ã, —Ä/—Å 30601810700001050364 (RUB)  –ë–∞–Ω–∫ –ì–ü–ë (–ê–û) ', '643 ', '—Ä/—Å', 0, 159840121.44, 159840121.44, 1, 'RUB', 159840121.44, 0, 0, 55.01, '–†/–°-–°', 1, 10450006, '–î–µ–Ω—å–≥–∏ —É –±—Ä–æ–∫–µ—Ä–∞ –∏–ª–∏ –æ–ø–µ—Ä–∞—Ç–æ—Ä–∞ –∏–Ω–≤–µ—Å—Ç–∏—Ü–∏–æ–Ω–Ω–æ–π –ø–ª–∞—Ç—Ñ–æ—Ä–º—ã, —Ä/—Å 30601810700001050364 (RUB)  –ë–∞–Ω–∫ –ì–ü–ë (–ê–û)', 1, 1, 
'RUB - –†–æ—Å—Å–∏–π—Å–∫–∏–π —Ä—É–±–ª—å', 'RUB', '–†–æ—Å—Å–∏–π—Å–∫–∏–π —Ä—É–±–ª—å', 643, 0, 0, 0, 179317, '(–î–æ–≥–æ–≤–æ—Ä –Ω–µ –Ω–∞–π–¥–µ–Ω)', 0, datetime.datetime(2025, 10, 1, 0, 0)]
–°—Ç—Ä–æ–∫–∞ 4: ['020611/1 –∞–≥—Ä–µ—Å—Å. –æ—Ç 02.06.2011', '–õ–£–ö–æ–π–ª –ù–ö –ê–û ', '7708004767 ', '1-01-00077-A ', 'RU0009024277 ', '–∞–∫—Ü–∏—è', datetime.datetime(2003, 6, 25, 0, 0), 0, 111400987.5, 18315, 6049, 'RUB', 110787435, 0, 0, 58.01, '–ü–û–†–¢–§–ï–õ–¨', 6049, 9942, '–õ–£–ö–æ–π–ª –ù–ö –ê–û', 6049, 1, 'RUB - –†–æ—Å—Å–∏–π—Å–∫–∏–π —Ä—É–±–ª—å', 'RUB', '–ü–ê–û "–õ–£–ö–û–ô–õ"', '1-01-00077-A', 'RU0009024277', '–ê–∫—Ü–∏—è', 1, 0, '–ü–ê–û "–õ–£–ö–û–ô–õ"', 7708004767, 643, 0, 'AAA(RU)', '–ê–ö–†–ê (–ê–û)', 6564506, 0, 9705055855, 0, 179317, 1307260935.9, 110787435, 7174.5, 0.0008685834292285534, datetime.datetime(2025, 10, 1, 0, 0)]
–°—Ç—Ä–æ–∫–∞ 5: ['020611/1 –∞–≥—Ä–µ—Å—Å. –æ—Ç 02.06.2011', '–ú–∞–≥–Ω–∏—Ç–æ–≥–æ—Ä—Å–∫–∏–π –ú–µ—Ç–ö–æ–º–±–∏–Ω–∞—Ç –ê–û ', '7414003633 ', '1-03-00078-A ', 'RU0009084396 ', '–∞–∫—Ü–∏—è', datetime.datetime(2002, 11, 5, 0, 0), 0, 255150521.8, 9237890, 27.01, 'RUB', 249515408.9, 0, 0, 58.01, '–ü–û–†–¢–§–ï–õ–¨', 27.01, 10106, '–ú–∞–≥–Ω–∏—Ç–æ–≥–æ—Ä—Å–∫–∏–π –ú–µ—Ç–ö–æ–º–±–∏–Ω–∞—Ç –ê–û', 27.01, 1, 'RUB - –†–æ—Å—Å–∏–π—Å–∫–∏–π —Ä—É–±–ª—å', 'RUB', '–ü–ê–û ‚Äú–ú–ú–ö‚Äù', '1-03-00078-A', 'RU0009084396', '–ê–∫—Ü–∏—è', 1, 0, '–ü–ê–û ‚Äú–ú–ú–ö‚Äù', 7414003633, 643, 0, 'AA+(RU)', '–ê–ö–†–ê (–ê–û)', 6564506, 0, 9705055855, 0, 179317, 1307260935.9, 249515408.9, 40.855, 0.001956223190000985, datetime.datetime(2025, 10, 1, 0, 0)]
–°—Ç—Ä–æ–∫–∞ 6: ['020611/1 –∞–≥—Ä–µ—Å—Å. –æ—Ç 02.06.2011', '–ú–ö–ü–ê–û –¢-–¢–µ—Ö–Ω–æ–ª–æ–≥–∏–∏ –ê–û ', '2540283195 ', '1-01-16784-A ', 'RU000A107UL4 ', '–∞–∫—Ü–∏—è', datetime.datetime(2024, 2, 27, 0, 0), 0, 199888000, 65000, 3052.2, 'RUB', 198393000, 0, 0, 58.01, '–ü–û–†–¢–§–ï–õ–¨', 3052.2, 59627810, '–ú–ö–ü–ê–û –¢-–¢–µ—Ö–Ω–æ–ª–æ–≥–∏–∏ –ê–û', 3052.2, 1, 'RUB - –†–æ—Å—Å–∏–π—Å–∫–∏–π —Ä—É–±–ª—å', 'RUB', '–ú–ö–ü–ê–û "–¢-–¢–µ—Ö–Ω–æ–ª–æ–≥–∏–∏"', '1-01-16784-A', 'RU000A107UL4', '–ê–∫—Ü–∏—è', 1, 0, '–ú–ö–ü–ê–û "–¢-–¢–µ—Ö–Ω–æ–ª–æ–≥–∏–∏"', 2540283195, 999, 0, 'ruA+', '–ó–ê–û "–≠–∫—Å–ø–µ—Ä—Ç –†–ê"', 377112, 0, 7710248947, 
0, 179317, 1307260935.9, 198393000, 0.001555418917993186, datetime.datetime(2025, 10, 1, 0, 0)]
–°—Ç—Ä–æ–∫–∞ 7: ['020611/1 –∞–≥—Ä–µ—Å—Å. –æ—Ç 02.06.2011', '–ú–ö–ü–ê–û –Ø–ù–î–ï–ö–° –ê–û ', '3900019850 ', '1-01-16777-A ', 'RU000A107T19 ', '–∞–∫—Ü–∏—è', 
datetime.datetime(2023, 12, 25, 0, 0), 0, 98175000, 25000, 3847.5, 'RUB', 96187500, 0, 0, 58.01, '–ü–û–†–¢–§–ï–õ–¨', 3847.5, 51737377, '–ú–ö–ü–ê–û –Ø–ù–î–ï–ö–° –ê–û', 3847.5, 1, 'RUB - –†–æ—Å—Å–∏–π—Å–∫–∏–π —Ä—É–±–ª—å', 'RUB', '–ú–ö–ü–ê–û "–Ø–ù–î–ï–ö–°"', '1-01-16777-A', 'RU000A107T19', '–ê–∫—Ü–∏—è', 1, 0, '–ú–ö–ü–ê–û "–Ø–ù–î–ï–ö–°"', 3900019850, 643, 0, 'AAA(RU)', '–ê–ö–†–ê (–ê–û)', 6564506, 0, 9705055855, 0, 179317, 1307260935.9, 96187500, 4514, 0.0007541186290568193, datetime.datetime(2025, 10, 1, 0, 0)]
–°—Ç—Ä–æ–∫–∞ 8: ['020611/1 –∞–≥—Ä–µ—Å—Å. –æ—Ç 02.06.2011', '–ú–¢–° –ê–û ', '7740000076 ', '1-01-04715-A ', 'RU0007775219 ', '–∞–∫—Ü–∏—è', datetime.datetime(2000, 4, 27, 0, 0), 0, 205.05, 1, 204.4, 'RUB', 204.4, 0, 0, 58.01, '–ü–û–†–¢–§–ï–õ–¨', 204.4, 10095, '–ú–¢–° –ê–û', 204.4, 1, 
'RUB - –†–æ—Å—Å–∏–π—Å–∫–∏–π —Ä—É–±–ª—å', 'RUB', '–ü–ê–û "–ú–¢–°"', '1-01-04715-A', 'RU0007775219', '–ê–∫—Ü–∏—è', 1, 0, '–ü–ê–û "–ú–¢–°"', 7740000076, 643, 
0, 'AAA(RU)', '–ê–ö–†–ê (–ê–û)', 6564506, 0, 9705055855, 0, 179317, 1307260935.9, 204.4, 243, 1.602514336885914e-09, datetime.datetime(2025, 10, 1, 0, 0)]
–°—Ç—Ä–æ–∫–∞ 9: ['020611/1 –∞–≥—Ä–µ—Å—Å. –æ—Ç 02.06.2011', '–ù–û–í–ê–¢–≠–ö –ê–û ', '6316031581 ', '1-02-00268-E ', 'RU000A0DKVS5 ', '–∞–∫—Ü–∏—è', datetime.datetime(2003, 9, 24, 0, 0), 0, 147493746.4, 134134, 1116.8, 'RUB', 149800851.2, 0, 0, 58.01, '–ü–û–†–¢–§–ï–õ–¨', 1116.8, 10168, '–ù–û–í–ê–¢–≠–ö –ê–û', 1116.8, 1, 'RUB - –†–æ—Å—Å–∏–π—Å–∫–∏–π —Ä—É–±–ª—å', 'RUB', '–ü–ê–û "–ù–û–í–ê–¢–≠–ö"', '1-02-00268-E', 'RU000A0DKVS5', '–ê–∫—Ü–∏—è', 1, 0, '–ü–ê–û "–ù–û–í–ê–¢–≠–ö"', 6316031581, 643, 0, 'AAA(RU)', '–ê–ö–†–ê (–ê–û)', 6564506, 0, 9705055855, 0, 179317, 1307260935.9, 149800851.2, 1269, 0.001174452112161025, datetime.datetime(2025, 10, 1, 0, 0)]
‚úÖ –ó–∞–≥–æ–ª–æ–≤–æ–∫ –Ω–∞–π–¥–µ–Ω –≤ —Å—Ç—Ä–æ–∫–µ 0

üöÄ –ó–ê–ü–£–°–ö –û–ë–†–ê–ë–û–¢–ö–ò...
–ß–∏—Ç–∞—é —Ñ–∞–π–ª: M:\–§–∏–Ω–∞–Ω—Å–æ–≤—ã–π –¥–µ–ø–∞—Ä—Ç–∞–º–µ–Ω—Ç\Treasury\–ë–∞–∑—ã –¥–∞–Ω–Ω—ã—Ö(–∞–≤—Ç–æ–º–∞—Ç–∏–∑–∞—Ü–∏—è)\DI_DATABASE\–ú–µ—Ä–¥–∂–µ—Ä.xlsx
–ù–∞–π–¥–µ–Ω–æ —Å—Ç—Ä–æ–∫ –≤ —Ç–∞–±–ª–∏—Ü–µ: 11505
–ö–æ–ª–æ–Ω–∫–∏: ['020611/1 –∞–≥—Ä–µ—Å—Å. –æ—Ç 02.06.2011', '—Ä/—Å 40701810100000001516 (RUB) –≤ –ë–∞–Ω–∫ –ì–ü–ë (–ê–û) ', 'Unnamed: 2', 'Unnamed: 3', 
'643 ', '—Ä/—Å', 'Unnamed: 6', 'Unnamed: 7', 0, 326368.23, '326368.23.1', 1, 'RUB', '326368.23.2', '0.1', '0.2', 'Unnamed: 16', 51, '–†/–°', 'Unnamed: 19', '1.1', 10449953, '—Ä/—Å 40701810100000001516 (RUB) –≤ –ë–∞–Ω–∫ –ì–ü–ë (–ê–û)', 'Unnamed: 23', 'Unnamed: 24', 'Unnamed: 25', 'Unnamed: 26', 'Unnamed: 27', '1.2', '1.3', 'RUB - –†–æ—Å—Å–∏–π—Å–∫–∏–π —Ä—É–±–ª—å', 'RUB.1', '–†–æ—Å—Å–∏–π—Å–∫–∏–π —Ä—É–±–ª—å', 'Unnamed: 33', 643, 'Unnamed: 35', 'Unnamed: 36', 'Unnamed: 37', 'Unnamed: 38', 'Unnamed: 39', 'Unnamed: 40', 'Unnamed: 41', '0.3', 'Unnamed: 43', 'Unnamed: 44', 'Unnamed: 45', '0.4', 'Unnamed: 47', 'Unnamed: 48', 'Unnamed: 49', 'Unnamed: 50', '0.5', 'Unnamed: 52', 179317, 'Unnamed: 54', 'Unnamed: 55', 'Unnamed: 56', '(–î–æ–≥–æ–≤–æ—Ä –Ω–µ –Ω–∞–π–¥–µ–Ω)', 'Unnamed: 58', 'Unnamed: 59', '0.6', datetime.datetime(2025, 10, 1, 0, 0)]
–û—à–∏–±–∫–∞ –ø—Ä–∏ –∏–∑–≤–ª–µ—á–µ–Ω–∏–∏ –¥–∞—Ç—ã: '–ü–æ—Ä—Ç—Ñ–µ–ª—å'
–î–∞—Ç–∞ –æ—Ç—á–µ—Ç–∞: 01.10.2025
‚ùå –û—à–∏–±–∫–∞ –ø—Ä–∏ –æ–±—Ä–∞–±–æ—Ç–∫–µ —Ñ–∞–π–ª–∞: '–ü–æ—Ä—Ç—Ñ–µ–ª—å'
Traceback (most recent call last):
  File "C:\Program Files\Python38\lib\site-packages\pandas\core\indexes\base.py", line 3653, in get_loc
    return self._engine.get_loc(casted_key)
  File "pandas\_libs\index.pyx", line 147, in pandas._libs.index.IndexEngine.get_loc
  File "pandas\_libs\index.pyx", line 176, in pandas._libs.index.IndexEngine.get_loc
  File "pandas\_libs\hashtable_class_helper.pxi", line 7080, in pandas._libs.hashtable.PyObjectHashTable.get_item
  File "pandas\_libs\hashtable_class_helper.pxi", line 7088, in pandas._libs.hashtable.PyObjectHashTable.get_item
KeyError: '–ü–æ—Ä—Ç—Ñ–µ–ª—å'

The above exception was the direct cause of the following exception:

Traceback (most recent call last):
  File "c:/Users/Ilya.Matveev2/Scripts/Create.py", line 72, in process_merger_file
    df = df[df['–ü–æ—Ä—Ç—Ñ–µ–ª—å'].notna()]
  File "C:\Program Files\Python38\lib\site-packages\pandas\core\frame.py", line 3761, in __getitem__
    indexer = self.columns.get_loc(key)
  File "C:\Program Files\Python38\lib\site-packages\pandas\core\indexes\base.py", line 3655, in get_loc
    raise KeyError(key) from err
KeyError: '–ü–æ—Ä—Ç—Ñ–µ–ª—å'

‚ùå –û–±—Ä–∞–±–æ—Ç–∫–∞ –Ω–µ —É–¥–∞–ª–∞—Å—å
